<?xml version="1.0" encoding="UTF-8"?>
<!-- Generated by org.testng.reporters.JUnitReportReporter -->
<testsuite hostname="yeshs-MacBook-Air.local" failures="0" tests="4" name="zasyasolutions.SpaCover.TestCases.InventoryApiTestCases" time="5.471" errors="0" timestamp="2025-09-01T17:44:22 IST" skipped="0">
  <testcase classname="zasyasolutions.SpaCover.TestCases.InventoryApiTestCases" name="getAllInventoryBySKU" time="1.347"/>
  <testcase classname="zasyasolutions.SpaCover.TestCases.InventoryApiTestCases" name="getSkuDetailsInOurRecords" time="1.327"/>
  <testcase classname="zasyasolutions.SpaCover.TestCases.InventoryApiTestCases" name="confirmSkuAddInBooked" time="1.069"/>
  <testcase classname="zasyasolutions.SpaCover.TestCases.InventoryApiTestCases" name="reverseSkuBookedQuantity" time="1.728"/>
</testsuite> <!-- zasyasolutions.SpaCover.TestCases.InventoryApiTestCases -->
