<?xml version="1.0" encoding="UTF-8"?>
<!-- Generated by org.testng.reporters.JUnitReportReporter -->
<testsuite hostname="yeshs-Mac-mini.local" failures="0" tests="3" name="zasyasolutions.SpaCover.SampleAPITest" time="2.830" errors="0" timestamp="2025-08-23T10:37:45 IST" skipped="0">
  <testcase classname="zasyasolutions.SpaCover.SampleAPITest" name="getAllInventoryBySKU" time="0.947"/>
  <testcase classname="zasyasolutions.SpaCover.SampleAPITest" name="getSkuDetailsInOurRecords" time="0.917"/>
  <testcase classname="zasyasolutions.SpaCover.SampleAPITest" name="confirmSkuAddInBooked" time="0.966"/>
</testsuite> <!-- zasyasolutions.SpaCover.SampleAPITest -->
