<?xml version="1.0" encoding="UTF-8"?>
<!-- Generated by org.testng.reporters.JUnitReportReporter -->
<testsuite hostname="yeshs-Mac-mini.local" failures="0" tests="3" name="zasyasolutions.SpaCover.TestCases.InventoryApiTestCases" time="2.924" errors="0" timestamp="2025-08-23T17:00:52 IST" skipped="0">
  <testcase classname="zasyasolutions.SpaCover.TestCases.InventoryApiTestCases" name="getAllInventoryBySKU" time="0.974"/>
  <testcase classname="zasyasolutions.SpaCover.TestCases.InventoryApiTestCases" name="getSkuDetailsInOurRecords" time="0.971"/>
  <testcase classname="zasyasolutions.SpaCover.TestCases.InventoryApiTestCases" name="confirmSkuAddInBooked" time="0.979"/>
</testsuite> <!-- zasyasolutions.SpaCover.TestCases.InventoryApiTestCases -->
