<?xml version="1.0" encoding="UTF-8"?>
<!-- Generated by org.testng.reporters.JUnitReportReporter -->
<testsuite hostname="yeshs-MacBook-Air.local" failures="0" tests="1" name="zasyasolutions.SpaCover.SampleAPITest" time="1.906" errors="0" timestamp="2025-08-31T01:21:01 IST" skipped="0">
  <testcase classname="zasyasolutions.SpaCover.SampleAPITest" name="reverseSkuBookedQuantity" time="1.906"/>
</testsuite> <!-- zasyasolutions.SpaCover.SampleAPITest -->
