<?xml version="1.0" encoding="UTF-8"?>
<!-- Generated by org.testng.reporters.JUnitReportReporter -->
<testsuite hostname="yeshs-MacBook-Air.local" failures="0" tests="3" name="zasyasolutions.SpaCover.SampleAPITest" time="7.224" errors="0" timestamp="2025-08-22T17:28:30 IST" skipped="0">
  <testcase classname="zasyasolutions.SpaCover.SampleAPITest" name="getAllInventoryBySKU" time="2.585"/>
  <testcase classname="zasyasolutions.SpaCover.SampleAPITest" name="getSkuDetailsInOurRecords" time="2.858"/>
  <testcase classname="zasyasolutions.SpaCover.SampleAPITest" name="confirmSkuAddInBooked" time="1.781"/>
</testsuite> <!-- zasyasolutions.SpaCover.SampleAPITest -->
