<?xml version="1.0" encoding="UTF-8"?>
<!-- Generated by org.testng.reporters.JUnitReportReporter -->
<<<<<<< HEAD
<testsuite hostname="yeshs-Mac-mini.local" failures="0" tests="3" name="zasyasolutions.SpaCover.SampleAPITest" time="2.830" errors="0" timestamp="2025-08-23T10:37:45 IST" skipped="0">
  <testcase classname="zasyasolutions.SpaCover.SampleAPITest" name="getAllInventoryBySKU" time="0.947"/>
  <testcase classname="zasyasolutions.SpaCover.SampleAPITest" name="getSkuDetailsInOurRecords" time="0.917"/>
  <testcase classname="zasyasolutions.SpaCover.SampleAPITest" name="confirmSkuAddInBooked" time="0.966"/>
=======
<testsuite hostname="yeshs-MacBook-Air.local" failures="0" tests="1" name="zasyasolutions.SpaCover.SampleAPITest" time="1.906" errors="0" timestamp="2025-08-31T01:21:01 IST" skipped="0">
  <testcase classname="zasyasolutions.SpaCover.SampleAPITest" name="reverseSkuBookedQuantity" time="1.906"/>
>>>>>>> ad38f8988c12624d8788a1d0edf2e2bcdc057857
</testsuite> <!-- zasyasolutions.SpaCover.SampleAPITest -->
