<?xml version="1.0" encoding="UTF-8"?>
<!-- Generated by org.testng.reporters.JUnitReportReporter -->
<testsuite hostname="yeshs-MacBook-Air.local" failures="0" tests="1" name="zasyasolutions.SpaCover.AuthenticationTest" time="4.980" errors="0" timestamp="2025-08-22T01:47:32 IST" skipped="0">
  <testcase classname="zasyasolutions.SpaCover.AuthenticationTest" name="testLogin" time="4.980"/>
</testsuite> <!-- zasyasolutions.SpaCover.AuthenticationTest -->
