<?xml version="1.0" encoding="UTF-8"?>
<!-- Generated by org.testng.reporters.JUnitReportReporter -->
<testsuite hostname="dev-ubuntu" failures="0" tests="1" name="zasyasolutions.SpaCover.SampleAPITest" time="1.501" errors="0" timestamp="2025-09-01T00:13:32 IST" skipped="0">
  <testcase classname="zasyasolutions.SpaCover.SampleAPITest" name="reverseSkuBookedQuantity" time="1.501"/>
</testsuite> <!-- zasyasolutions.SpaCover.SampleAPITest -->
